<?xml version="1.0" encoding="UTF-8"?>
<!-- Generated by org.testng.reporters.JUnitReportReporter -->
<testsuite hostname="DESKTOP-NPOVF55" failures="0" tests="1" name="Admin.TodaysOrders_Delivered" time="9.792" errors="0" timestamp="2024-11-26T09:47:12 IST" skipped="0">
  <testcase classname="Admin.TodaysOrders_Delivered" name="todaysOrdersToInProcessTest" time="9.792"/>
  <system-out/>
</testsuite> <!-- Admin.TodaysOrders_Delivered -->
