<?xml version="1.0" encoding="UTF-8"?>
<!-- Generated by org.testng.reporters.JUnitReportReporter -->
<testsuite hostname="DESKTOP-NPOVF55" failures="0" tests="1" name="Admin.TodaysOrders_InProcess" time="3.515" errors="0" timestamp="2024-11-22T18:23:14 IST" skipped="0">
  <testcase classname="Admin.TodaysOrders_InProcess" name="todaysOrdersToInProcessTest" time="3.515"/>
  <system-out/>
</testsuite> <!-- Admin.TodaysOrders_InProcess -->
