<?xml version="1.0" encoding="UTF-8"?>
<!-- Generated by org.testng.reporters.JUnitReportReporter -->
<testsuite hostname="DESKTOP-NPOVF55" failures="0" tests="1" name="User.UserCreateAccount" time="5.632" errors="0" timestamp="2024-11-26T09:47:12 IST" skipped="0">
  <testcase classname="User.UserCreateAccount" name="userCreateAccountTest" time="5.632"/>
  <system-out/>
</testsuite> <!-- User.UserCreateAccount -->
